<?xml version="1.0" encoding="UTF-8"?>
<!-- Generated by org.testng.reporters.JUnitXMLReporter -->
<testsuite hostname="WIN-B9NBOHK3KDG" ignored="0" name="Default test" tests="5" failures="0" timestamp="16 Mar 2022 05:14:37 GMT" time="7.646" errors="0">
  <testcase name="CreateUser" time="2.644" classname="Rest_Project.ProjectWithPojo"/>
  <testcase name="DeleteUser" time="1.355" classname="Rest_Project.ProjectWithPojo"/>
  <testcase name="LoginUser" time="1.198" classname="Rest_Project.ProjectWithPojo"/>
  <testcase name="LogoutUser" time="1.192" classname="Rest_Project.ProjectWithPojo"/>
  <testcase name="ModifyUser" time="1.232" classname="Rest_Project.ProjectWithPojo"/>
</testsuite> <!-- Default test -->
