<?xml version="1.0" encoding="UTF-8"?>
<testng-results skipped="0" failed="0" ignored="0" total="5" passed="5">
  <reporter-output>
  </reporter-output>
  <suite name="Default suite" duration-ms="7646" started-at="2022-03-16T05:14:29Z" finished-at="2022-03-16T05:14:37Z">
    <groups>
    </groups>
    <test name="Default test" duration-ms="7646" started-at="2022-03-16T05:14:29Z" finished-at="2022-03-16T05:14:37Z">
      <class name="Rest_Project.ProjectWithPojo">
        <test-method status="PASS" signature="CreateUser(org.testng.ITestContext)[pri:0, instance:Rest_Project.ProjectWithPojo@79b06cab]" name="CreateUser" duration-ms="2644" started-at="2022-03-16T05:14:29Z" finished-at="2022-03-16T05:14:32Z">
          <params>
            <param index="0">
              <value>
                <![CDATA[org.testng.TestRunner@441772e]]>
              </value>
            </param>
          </params>
          <reporter-output>
          </reporter-output>
        </test-method> <!-- CreateUser -->
        <test-method status="PASS" signature="DeleteUser(org.testng.ITestContext)[pri:0, instance:Rest_Project.ProjectWithPojo@79b06cab]" name="DeleteUser" duration-ms="1355" started-at="2022-03-16T05:14:32Z" finished-at="2022-03-16T05:14:33Z">
          <params>
            <param index="0">
              <value>
                <![CDATA[org.testng.TestRunner@441772e]]>
              </value>
            </param>
          </params>
          <reporter-output>
          </reporter-output>
        </test-method> <!-- DeleteUser -->
        <test-method status="PASS" signature="LoginUser(org.testng.ITestContext)[pri:0, instance:Rest_Project.ProjectWithPojo@79b06cab]" name="LoginUser" duration-ms="1198" started-at="2022-03-16T05:14:33Z" finished-at="2022-03-16T05:14:35Z">
          <params>
            <param index="0">
              <value>
                <![CDATA[org.testng.TestRunner@441772e]]>
              </value>
            </param>
          </params>
          <reporter-output>
          </reporter-output>
        </test-method> <!-- LoginUser -->
        <test-method status="PASS" signature="LogoutUser()[pri:0, instance:Rest_Project.ProjectWithPojo@79b06cab]" name="LogoutUser" duration-ms="1192" started-at="2022-03-16T05:14:35Z" finished-at="2022-03-16T05:14:36Z">
          <reporter-output>
          </reporter-output>
        </test-method> <!-- LogoutUser -->
        <test-method status="PASS" signature="ModifyUser(org.testng.ITestContext)[pri:0, instance:Rest_Project.ProjectWithPojo@79b06cab]" name="ModifyUser" duration-ms="1232" started-at="2022-03-16T05:14:36Z" finished-at="2022-03-16T05:14:37Z">
          <params>
            <param index="0">
              <value>
                <![CDATA[org.testng.TestRunner@441772e]]>
              </value>
            </param>
          </params>
          <reporter-output>
          </reporter-output>
        </test-method> <!-- ModifyUser -->
      </class> <!-- Rest_Project.ProjectWithPojo -->
    </test> <!-- Default test -->
  </suite> <!-- Default suite -->
</testng-results>
